行 25: 控件 bmFace 的类 ImageX.aicAlphaImage 不是一个已加载的控件类。
行 107: 控件 objCombo 的类 Emerald_Studio.FCombo 不是一个已加载的控件类。
行 122: 控件 protext 的类 Emerald_Studio.EEdit 不是一个已加载的控件类。
行 140: 控件 protext 的类 Emerald_Studio.EEdit 不是一个已加载的控件类。
行 158: 控件 protext 的类 Emerald_Studio.EEdit 不是一个已加载的控件类。
行 176: 控件 protext 的类 Emerald_Studio.EEdit 不是一个已加载的控件类。
行 194: 控件 protext 的类 Emerald_Studio.EEdit 不是一个已加载的控件类。
行 212: 控件 protext 的类 Emerald_Studio.EEdit 不是一个已加载的控件类。
行 230: 控件 protext 的类 Emerald_Studio.EEdit 不是一个已加载的控件类。
行 248: 控件 stylebox 的类 Emerald_Studio.FCombo 不是一个已加载的控件类。
行 652: 控件 colortext 的类 Emerald_Studio.EEdit 不是一个已加载的控件类。
行 670: 控件 colortext 的类 Emerald_Studio.EEdit 不是一个已加载的控件类。
行 688: 控件 colortext 的类 Emerald_Studio.EEdit 不是一个已加载的控件类。
行 706: 控件 colortext 的类 Emerald_Studio.EEdit 不是一个已加载的控件类。
行 724: 控件 colortext 的类 Emerald_Studio.EEdit 不是一个已加载的控件类。
行 823: 控件 applycolorbutton 的类 Emerald_Studio.EButton 不是一个已加载的控件类。
行 839: 控件 dropper 的类 ImageX.aicAlphaImage 不是一个已加载的控件类。
行 1041: 控件 toolitems 的类 Emerald_Studio.EButton 不是一个已加载的控件类。
行 1058: 控件 toolitems 的类 Emerald_Studio.EButton 不是一个已加载的控件类。
行 1075: 控件 toolitems 的类 Emerald_Studio.EButton 不是一个已加载的控件类。
行 1146: 控件 pagelist 的类 Emerald_Studio.FCombo 不是一个已加载的控件类。
